/*C3*/SET SCHEMA PUBLIC
DELETE FROM COMMERCIALDOCUMENT_DETAILS WHERE COMMERCIALDOCUMENT_OID='40280e0082b2c97e0182b2caf2390000' AND PRODUCT_NUMBER=1 AND QUANTITY=2 AND PRICEPERUNIT IS NULL
DELETE FROM COMMERCIALDOCUMENT_DETAILS WHERE COMMERCIALDOCUMENT_OID='40280e0082b2c97e0182b2caf2390000' AND PRODUCT_NUMBER=2 AND QUANTITY=2 AND PRICEPERUNIT IS NULL
DELETE FROM COMMERCIALDOCUMENT_DETAILS WHERE COMMERCIALDOCUMENT_OID='40280e0082b2c97e0182b2cb28760001' AND PRODUCT_NUMBER=3 AND QUANTITY=3 AND PRICEPERUNIT=19.00
INSERT INTO COMMERCIALDOCUMENT_DETAILS VALUES('40280e0082b2c97e0182b2caf2390000',1,2,399.00)
INSERT INTO COMMERCIALDOCUMENT_DETAILS VALUES('40280e0082b2c97e0182b2caf2390000',2,2,599.00)
INSERT INTO COMMERCIALDOCUMENT_DETAILS VALUES('40280e0082b2c97e0182b2cb28760001',3,3,20.00)
COMMIT
/*C4*/SET SCHEMA PUBLIC
DISCONNECT
/*C3*/DELETE FROM COMMERCIALDOCUMENT WHERE OID='40280e0082b2c97e0182b2caf2390000'
DELETE FROM COMMERCIALDOCUMENT WHERE OID='40280e0082b2c97e0182b2cb28760001'
INSERT INTO COMMERCIALDOCUMENT VALUES('Order','40280e0082b2c97e0182b2caf2390000','2022-08-18',1,'',2022,3,'40280e0082b2c97e0182b2cb28760001',NULL,NULL,21)
INSERT INTO COMMERCIALDOCUMENT VALUES('Invoice','40280e0082b2c97e0182b2cb28760001','2022-08-18',1,'2',2022,3,NULL,2195.00,0.00,21)
COMMIT
DELETE FROM COMMERCIALDOCUMENT WHERE OID='40280e0082b2c97e0182b2caf2390000'
DELETE FROM COMMERCIALDOCUMENT WHERE OID='40280e0082b2c97e0182b2cb28760001'
INSERT INTO COMMERCIALDOCUMENT VALUES('Order','40280e0082b2c97e0182b2caf2390000','2022-08-18',1,'',2022,3,'40280e0082b2c97e0182b2cb28760001',NULL,419.16,21)
INSERT INTO COMMERCIALDOCUMENT VALUES('Invoice','40280e0082b2c97e0182b2cb28760001','2022-08-18',1,'2',2022,3,NULL,2195.00,12.60,21)
COMMIT
DELETE FROM COMMERCIALDOCUMENT WHERE OID='40280e0082b2c97e0182b2caf2390000'
DELETE FROM COMMERCIALDOCUMENT WHERE OID='40280e0082b2c97e0182b2cb28760001'
INSERT INTO COMMERCIALDOCUMENT VALUES('Order','40280e0082b2c97e0182b2caf2390000','2022-08-18',1,'',2022,3,'40280e0082b2c97e0182b2cb28760001',2415.16,419.16,21)
INSERT INTO COMMERCIALDOCUMENT VALUES('Invoice','40280e0082b2c97e0182b2cb28760001','2022-08-18',1,'2',2022,3,NULL,72.60,12.60,21)
COMMIT
DISCONNECT
